2025-08-07 09:47:05.660 | ERROR    | 12096 | 29588 | __main__:main:1194 - Demo failed with error: object bool can't be used in 'await' expression
2025-08-07 10:24:07.143 | ERROR    | 31228 | 44088 | config.logging_config:__exit__:549 - Failed swing_detection after 782.12ms: 'analysis_metrics'
2025-08-07 10:24:07.143 | ERROR    | 31228 | 44088 | __main__:_test_swing_detection:156 - Swing detection error for EURUSD M15: 'analysis_metrics'
2025-08-07 10:24:07.948 | ERROR    | 31228 | 44088 | config.logging_config:__exit__:549 - Failed swing_detection after 805.29ms: 'analysis_metrics'
2025-08-07 10:24:07.948 | ERROR    | 31228 | 44088 | __main__:_test_swing_detection:156 - Swing detection error for EURUSD H1: 'analysis_metrics'
2025-08-07 10:24:08.695 | ERROR    | 31228 | 44088 | config.logging_config:__exit__:549 - Failed swing_detection after 745.61ms: 'analysis_metrics'
2025-08-07 10:24:08.696 | ERROR    | 31228 | 44088 | __main__:_test_swing_detection:156 - Swing detection error for EURUSD H4: 'analysis_metrics'
2025-08-07 10:24:09.507 | ERROR    | 31228 | 44088 | config.logging_config:__exit__:549 - Failed swing_detection after 810.73ms: 'analysis_metrics'
2025-08-07 10:24:09.507 | ERROR    | 31228 | 44088 | __main__:_test_swing_detection:156 - Swing detection error for GBPUSD M15: 'analysis_metrics'
2025-08-07 10:24:10.267 | ERROR    | 31228 | 44088 | config.logging_config:__exit__:549 - Failed swing_detection after 760.06ms: 'analysis_metrics'
2025-08-07 10:24:10.267 | ERROR    | 31228 | 44088 | __main__:_test_swing_detection:156 - Swing detection error for GBPUSD H1: 'analysis_metrics'
2025-08-07 10:24:10.999 | ERROR    | 31228 | 44088 | config.logging_config:__exit__:549 - Failed swing_detection after 731.36ms: 'analysis_metrics'
2025-08-07 10:24:10.999 | ERROR    | 31228 | 44088 | __main__:_test_swing_detection:156 - Swing detection error for GBPUSD H4: 'analysis_metrics'
2025-08-07 10:24:48.650 | ERROR    | 31228 | 44088 | __main__:_create_structure_chart_data:838 - Chart data creation error: 'SwingPoint' object has no attribute 'confirmed'
2025-08-07 10:30:19.439 | ERROR    | 20968 | 56196 | config.logging_config:__exit__:549 - Failed swing_detection after 793.28ms: 'analysis_metrics'
2025-08-07 10:30:19.439 | ERROR    | 20968 | 56196 | __main__:_test_swing_detection:156 - Swing detection error for EURUSD M15: 'analysis_metrics'
2025-08-07 10:30:20.245 | ERROR    | 20968 | 56196 | config.logging_config:__exit__:549 - Failed swing_detection after 805.44ms: 'analysis_metrics'
2025-08-07 10:30:20.246 | ERROR    | 20968 | 56196 | __main__:_test_swing_detection:156 - Swing detection error for EURUSD H1: 'analysis_metrics'
2025-08-07 10:30:21.092 | ERROR    | 20968 | 56196 | config.logging_config:__exit__:549 - Failed swing_detection after 846.22ms: 'analysis_metrics'
2025-08-07 10:30:21.092 | ERROR    | 20968 | 56196 | __main__:_test_swing_detection:156 - Swing detection error for EURUSD H4: 'analysis_metrics'
2025-08-07 10:30:21.913 | ERROR    | 20968 | 56196 | config.logging_config:__exit__:549 - Failed swing_detection after 820.43ms: 'analysis_metrics'
2025-08-07 10:30:21.914 | ERROR    | 20968 | 56196 | __main__:_test_swing_detection:156 - Swing detection error for GBPUSD M15: 'analysis_metrics'
2025-08-07 10:30:22.748 | ERROR    | 20968 | 56196 | config.logging_config:__exit__:549 - Failed swing_detection after 833.65ms: 'analysis_metrics'
2025-08-07 10:30:22.748 | ERROR    | 20968 | 56196 | __main__:_test_swing_detection:156 - Swing detection error for GBPUSD H1: 'analysis_metrics'
2025-08-07 10:30:23.564 | ERROR    | 20968 | 56196 | config.logging_config:__exit__:549 - Failed swing_detection after 814.83ms: 'analysis_metrics'
2025-08-07 10:30:23.564 | ERROR    | 20968 | 56196 | __main__:_test_swing_detection:156 - Swing detection error for GBPUSD H4: 'analysis_metrics'
2025-08-07 10:31:09.660 | ERROR    | 20968 | 56196 | __main__:_create_structure_chart_data:838 - Chart data creation error: 'SwingPoint' object has no attribute 'confirmed'
2025-08-07 10:41:04.296 | ERROR    | 49520 | 54788 | config.logging_config:__exit__:549 - Failed swing_detection after 836.81ms: 'swing_highs'
2025-08-07 10:41:04.296 | ERROR    | 49520 | 54788 | __main__:_test_swing_detection:156 - Swing detection error for EURUSD M15: 'swing_highs'
2025-08-07 10:41:05.080 | ERROR    | 49520 | 54788 | config.logging_config:__exit__:549 - Failed swing_detection after 783.72ms: 'swing_highs'
2025-08-07 10:41:05.080 | ERROR    | 49520 | 54788 | __main__:_test_swing_detection:156 - Swing detection error for EURUSD H1: 'swing_highs'
2025-08-07 10:41:05.833 | ERROR    | 49520 | 54788 | config.logging_config:__exit__:549 - Failed swing_detection after 753.04ms: 'swing_highs'
2025-08-07 10:41:05.834 | ERROR    | 49520 | 54788 | __main__:_test_swing_detection:156 - Swing detection error for EURUSD H4: 'swing_highs'
2025-08-07 10:41:06.619 | ERROR    | 49520 | 54788 | config.logging_config:__exit__:549 - Failed swing_detection after 784.92ms: 'swing_highs'
2025-08-07 10:41:06.619 | ERROR    | 49520 | 54788 | __main__:_test_swing_detection:156 - Swing detection error for GBPUSD M15: 'swing_highs'
2025-08-07 10:41:07.386 | ERROR    | 49520 | 54788 | config.logging_config:__exit__:549 - Failed swing_detection after 765.31ms: 'swing_highs'
2025-08-07 10:41:07.386 | ERROR    | 49520 | 54788 | __main__:_test_swing_detection:156 - Swing detection error for GBPUSD H1: 'swing_highs'
2025-08-07 10:41:08.161 | ERROR    | 49520 | 54788 | config.logging_config:__exit__:549 - Failed swing_detection after 774.60ms: 'swing_highs'
2025-08-07 10:41:08.161 | ERROR    | 49520 | 54788 | __main__:_test_swing_detection:156 - Swing detection error for GBPUSD H4: 'swing_highs'
2025-08-07 10:44:30.266 | ERROR    | 43456 | 28176 | config.logging_config:__exit__:549 - Failed swing_detection after 779.46ms: 'swing_highs'
2025-08-07 10:44:30.266 | ERROR    | 43456 | 28176 | __main__:_test_swing_detection:156 - Swing detection error for EURUSD M15: 'swing_highs'
2025-08-07 10:44:31.061 | ERROR    | 43456 | 28176 | config.logging_config:__exit__:549 - Failed swing_detection after 795.39ms: 'swing_highs'
2025-08-07 10:44:31.062 | ERROR    | 43456 | 28176 | __main__:_test_swing_detection:156 - Swing detection error for EURUSD H1: 'swing_highs'
2025-08-07 10:44:31.845 | ERROR    | 43456 | 28176 | config.logging_config:__exit__:549 - Failed swing_detection after 782.65ms: 'swing_highs'
2025-08-07 10:44:31.846 | ERROR    | 43456 | 28176 | __main__:_test_swing_detection:156 - Swing detection error for EURUSD H4: 'swing_highs'
2025-08-07 10:44:32.674 | ERROR    | 43456 | 28176 | config.logging_config:__exit__:549 - Failed swing_detection after 827.97ms: 'swing_highs'
2025-08-07 10:44:32.674 | ERROR    | 43456 | 28176 | __main__:_test_swing_detection:156 - Swing detection error for GBPUSD M15: 'swing_highs'
2025-08-07 10:44:33.457 | ERROR    | 43456 | 28176 | config.logging_config:__exit__:549 - Failed swing_detection after 782.91ms: 'swing_highs'
2025-08-07 10:44:33.458 | ERROR    | 43456 | 28176 | __main__:_test_swing_detection:156 - Swing detection error for GBPUSD H1: 'swing_highs'
2025-08-07 10:44:34.232 | ERROR    | 43456 | 28176 | config.logging_config:__exit__:549 - Failed swing_detection after 772.87ms: 'swing_highs'
2025-08-07 10:44:34.233 | ERROR    | 43456 | 28176 | __main__:_test_swing_detection:156 - Swing detection error for GBPUSD H4: 'swing_highs'
2025-08-07 10:47:21.575 | ERROR    | 17764 | 39540 | config.logging_config:__exit__:549 - Failed swing_detection after 793.96ms: 'swing_highs'
2025-08-07 10:47:21.576 | ERROR    | 17764 | 39540 | __main__:_test_swing_detection:156 - Swing detection error for EURUSD M15: 'swing_highs'
2025-08-07 10:47:22.393 | ERROR    | 17764 | 39540 | config.logging_config:__exit__:549 - Failed swing_detection after 816.31ms: 'swing_highs'
2025-08-07 10:47:22.393 | ERROR    | 17764 | 39540 | __main__:_test_swing_detection:156 - Swing detection error for EURUSD H1: 'swing_highs'
2025-08-07 10:47:23.149 | ERROR    | 17764 | 39540 | config.logging_config:__exit__:549 - Failed swing_detection after 756.25ms: 'swing_highs'
2025-08-07 10:47:23.149 | ERROR    | 17764 | 39540 | __main__:_test_swing_detection:156 - Swing detection error for EURUSD H4: 'swing_highs'
2025-08-07 10:47:23.938 | ERROR    | 17764 | 39540 | config.logging_config:__exit__:549 - Failed swing_detection after 788.24ms: 'swing_highs'
2025-08-07 10:47:23.938 | ERROR    | 17764 | 39540 | __main__:_test_swing_detection:156 - Swing detection error for GBPUSD M15: 'swing_highs'
2025-08-07 10:47:24.721 | ERROR    | 17764 | 39540 | config.logging_config:__exit__:549 - Failed swing_detection after 782.05ms: 'swing_highs'
2025-08-07 10:47:24.721 | ERROR    | 17764 | 39540 | __main__:_test_swing_detection:156 - Swing detection error for GBPUSD H1: 'swing_highs'
2025-08-07 10:47:25.518 | ERROR    | 17764 | 39540 | config.logging_config:__exit__:549 - Failed swing_detection after 795.79ms: 'swing_highs'
2025-08-07 10:47:25.518 | ERROR    | 17764 | 39540 | __main__:_test_swing_detection:156 - Swing detection error for GBPUSD H4: 'swing_highs'
